<?xml version="1.0" encoding="UTF-8"?>
<!-- Generated by org.testng.reporters.JUnitReportReporter -->
<testsuite hostname="LAPTOP-VNBA3OG5" failures="0" tests="2" name="CheckcardType.CheckcardTypeVORM" time="0.012" errors="0" timestamp="2021-10-12T22:47:04 CDT" skipped="0">
  <testcase classname="CheckcardType.CheckcardTypeVORM" name="testVisa" time="0.002"/>
  <system-out/>
  <testcase classname="CheckcardType.CheckcardTypeVORM" name="testMaster" time="0.010"/>
  <system-out/>
</testsuite> <!-- CheckcardType.CheckcardTypeVORM -->
